<?xml version="1.0" encoding="UTF-8"?>
<!-- Generated by org.testng.reporters.JUnitReportReporter -->
<testsuite hostname="LAPTOP-1FQ303V4" failures="0" tests="2" name="Tests.Testsauce" time="2.870" errors="0" timestamp="2023-05-10T15:34:07 ART" skipped="0">
  <testcase classname="Tests.Testsauce" name="end" time="2.572"/>
  <system-out/>
  <testcase classname="Tests.Testsauce" name="login" time="0.298"/>
  <system-out/>
</testsuite> <!-- Tests.Testsauce -->
